d:\libs-build\libmtp-visualstudio\libmtp_dll\releasedll\vc141.pdb
d:\libs-build\libmtp-visualstudio\libmtp_dll\releasedll\util.obj
d:\libs-build\libmtp-visualstudio\libmtp_dll\releasedll\unicode.obj
d:\libs-build\libmtp-visualstudio\libmtp_dll\releasedll\ptp.obj
d:\libs-build\libmtp-visualstudio\libmtp_dll\releasedll\ptp-pack.obj
d:\libs-build\libmtp-visualstudio\libmtp_dll\releasedll\playlist-spl.obj
d:\libs-build\libmtp-visualstudio\libmtp_dll\releasedll\mtpz.obj
d:\libs-build\libmtp-visualstudio\libmtp_dll\releasedll\libusb1-glue.obj
d:\libs-build\libmtp-visualstudio\libmtp_dll\releasedll\libmtp.obj
d:\libs-build\libmtp-visualstudio\release\libmtp.lib
d:\libs-build\libmtp-visualstudio\release\libmtp.exp
d:\libs-build\libmtp-visualstudio\release\libmtp.ipdb
d:\libs-build\libmtp-visualstudio\release\libmtp.iobj
d:\libs-build\libmtp-visualstudio\release\libmtp.dll
d:\libs-build\libmtp-visualstudio\release\libmtp.pdb
d:\libs-build\libmtp-visualstudio\libmtp_dll\releasedll\libmtp.tlog\cl.command.1.tlog
d:\libs-build\libmtp-visualstudio\libmtp_dll\releasedll\libmtp.tlog\cl.read.1.tlog
d:\libs-build\libmtp-visualstudio\libmtp_dll\releasedll\libmtp.tlog\cl.write.1.tlog
d:\libs-build\libmtp-visualstudio\libmtp_dll\releasedll\libmtp.tlog\libmtp.write.1u.tlog
d:\libs-build\libmtp-visualstudio\libmtp_dll\releasedll\libmtp.tlog\link.command.1.tlog
d:\libs-build\libmtp-visualstudio\libmtp_dll\releasedll\libmtp.tlog\link.read.1.tlog
d:\libs-build\libmtp-visualstudio\libmtp_dll\releasedll\libmtp.tlog\link.write.1.tlog
