  libmtp.c
d:\libs-build\libmtp-visualstudio\libmtp_dll\libmtp\src\libmtp.c(66): warning C4244: 'function': conversion from '__int64' to 'DWORD', possible loss of data
d:\libs-build\libmtp-visualstudio\libmtp_dll\libmtp\src\libmtp.c(1187): warning C4018: '<': signed/unsigned mismatch
d:\libs-build\libmtp-visualstudio\libmtp_dll\libmtp\src\libmtp.c(1777): warning C4018: '<': signed/unsigned mismatch
d:\libs-build\libmtp-visualstudio\libmtp_dll\libmtp\src\libmtp.c(1779): warning C4018: '<': signed/unsigned mismatch
d:\libs-build\libmtp-visualstudio\libmtp_dll\libmtp\src\libmtp.c(1784): warning C4018: '<': signed/unsigned mismatch
d:\libs-build\libmtp-visualstudio\libmtp_dll\libmtp\src\libmtp.c(1786): warning C4018: '<': signed/unsigned mismatch
d:\libs-build\libmtp-visualstudio\libmtp_dll\libmtp\src\libmtp.c(1793): warning C4018: '<': signed/unsigned mismatch
d:\libs-build\libmtp-visualstudio\libmtp_dll\libmtp\src\libmtp.c(1795): warning C4018: '<': signed/unsigned mismatch
d:\libs-build\libmtp-visualstudio\libmtp_dll\libmtp\src\libmtp.c(2000): warning C4018: '<': signed/unsigned mismatch
d:\libs-build\libmtp-visualstudio\libmtp_dll\libmtp\src\libmtp.c(2010): warning C4018: '<': signed/unsigned mismatch
d:\libs-build\libmtp-visualstudio\libmtp_dll\libmtp\src\libmtp.c(2022): warning C4018: '<': signed/unsigned mismatch
d:\libs-build\libmtp-visualstudio\libmtp_dll\libmtp\src\libmtp.c(2778): warning C4018: '<': signed/unsigned mismatch
d:\libs-build\libmtp-visualstudio\libmtp_dll\libmtp\src\libmtp.c(3194): warning C4018: '<': signed/unsigned mismatch
d:\libs-build\libmtp-visualstudio\libmtp_dll\libmtp\src\libmtp.c(3200): warning C4018: '<': signed/unsigned mismatch
d:\libs-build\libmtp-visualstudio\libmtp_dll\libmtp\src\libmtp.c(3205): warning C4018: '<': signed/unsigned mismatch
d:\libs-build\libmtp-visualstudio\libmtp_dll\libmtp\src\libmtp.c(3220): warning C4018: '<': signed/unsigned mismatch
d:\libs-build\libmtp-visualstudio\libmtp_dll\libmtp\src\libmtp.c(3237): warning C4018: '<': signed/unsigned mismatch
d:\libs-build\libmtp-visualstudio\libmtp_dll\libmtp\src\libmtp.c(3939): warning C4018: '<': signed/unsigned mismatch
d:\libs-build\libmtp-visualstudio\libmtp_dll\libmtp\src\libmtp.c(4314): warning C4018: '<': signed/unsigned mismatch
d:\libs-build\libmtp-visualstudio\libmtp_dll\libmtp\src\libmtp.c(4338): warning C4018: '<': signed/unsigned mismatch
d:\libs-build\libmtp-visualstudio\libmtp_dll\libmtp\src\libmtp.c(4555): warning C4018: '<': signed/unsigned mismatch
d:\libs-build\libmtp-visualstudio\libmtp_dll\libmtp\src\libmtp.c(5208): warning C4028: formal parameter 2 different from declaration
d:\libs-build\libmtp-visualstudio\libmtp_dll\libmtp\src\libmtp.c(5411): warning C4028: formal parameter 2 different from declaration
d:\libs-build\libmtp-visualstudio\libmtp_dll\libmtp\src\libmtp.c(5559): warning C4018: '<': signed/unsigned mismatch
d:\libs-build\libmtp-visualstudio\libmtp_dll\libmtp\src\libmtp.c(5958): warning C4244: '=': conversion from 'uint64_t' to 'int', possible loss of data
d:\libs-build\libmtp-visualstudio\libmtp_dll\libmtp\src\libmtp.c(6280): warning C4018: '<': signed/unsigned mismatch
d:\libs-build\libmtp-visualstudio\libmtp_dll\libmtp\src\libmtp.c(7252): warning C4028: formal parameter 2 different from declaration
d:\libs-build\libmtp-visualstudio\libmtp_dll\libmtp\src\libmtp.c(7346): warning C4018: '<': signed/unsigned mismatch
d:\libs-build\libmtp-visualstudio\libmtp_dll\libmtp\src\libmtp.c(7774): warning C4018: '<': signed/unsigned mismatch
d:\libs-build\libmtp-visualstudio\libmtp_dll\libmtp\src\libmtp.c(7812): warning C4018: '<': signed/unsigned mismatch
d:\libs-build\libmtp-visualstudio\libmtp_dll\libmtp\src\libmtp.c(7969): warning C4018: '<': signed/unsigned mismatch
d:\libs-build\libmtp-visualstudio\libmtp_dll\libmtp\src\libmtp.c(8099): warning C4018: '<': signed/unsigned mismatch
d:\libs-build\libmtp-visualstudio\libmtp_dll\libmtp\src\libmtp.c(8185): warning C4018: '<': signed/unsigned mismatch
d:\libs-build\libmtp-visualstudio\libmtp_dll\libmtp\src\libmtp.c(8813): warning C4018: '<': signed/unsigned mismatch
d:\libs-build\libmtp-visualstudio\libmtp_dll\libmtp\src\libmtp.c(8951): warning C4244: '=': conversion from 'uint64_t' to 'uint32_t', possible loss of data
d:\libs-build\libmtp-visualstudio\libmtp_dll\libmtp\src\libmtp.c(8952): warning C4244: 'function': conversion from 'uint64_t' to 'size_t', possible loss of data
d:\libs-build\libmtp-visualstudio\libmtp_dll\libmtp\src\libmtp.c(8985): warning C4244: 'function': conversion from 'uint64_t' to 'const uint32_t', possible loss of data
d:\libs-build\libmtp-visualstudio\libmtp_dll\libmtp\src\libmtp.c(9111): warning C4244: '=': conversion from 'uint64_t' to 'uint32_t', possible loss of data
  libusb1-glue.c
d:\libs-build\libmtp-visualstudio\libmtp_dll\libmtp\src\ptp-pack.c(154): warning C4018: '>': signed/unsigned mismatch
d:\libs-build\libmtp-visualstudio\libmtp_dll\libmtp\src\ptp-pack.c(190): warning C4244: '=': conversion from 'uint16_t' to 'char', possible loss of data
d:\libs-build\libmtp-visualstudio\libmtp_dll\libmtp\src\ptp-pack.c(663): warning C4244: 'function': conversion from 'uint64_t' to 'uint32_t', possible loss of data
d:\libs-build\libmtp-visualstudio\libmtp_dll\libmtp\src\ptp-pack.c(1848): warning C4018: '>': signed/unsigned mismatch
d:\libs-build\libmtp-visualstudio\libmtp_dll\libmtp\src\ptp-pack.c(1974): warning C4018: '>': signed/unsigned mismatch
d:\libs-build\libmtp-visualstudio\libmtp_dll\libmtp\src\ptp-pack.c(1984): warning C4018: '>=': signed/unsigned mismatch
d:\libs-build\libmtp-visualstudio\libmtp_dll\libmtp\src\ptp-pack.c(2009): warning C4018: '>': signed/unsigned mismatch
d:\libs-build\libmtp-visualstudio\libmtp_dll\libmtp\src\ptp-pack.c(2021): warning C4018: '>=': signed/unsigned mismatch
d:\libs-build\libmtp-visualstudio\libmtp_dll\libmtp\src\ptp-pack.c(3019): warning C4244: 'function': conversion from 'uint64_t' to 'size_t', possible loss of data
d:\libs-build\libmtp-visualstudio\libmtp_dll\libmtp\src\libusb1-glue.c(966): warning C4018: '<': signed/unsigned mismatch
d:\libs-build\libmtp-visualstudio\libmtp_dll\libmtp\src\libusb1-glue.c(1032): warning C4013: 'usleep' undefined; assuming extern returning int
d:\libs-build\libmtp-visualstudio\libmtp_dll\libmtp\src\libusb1-glue.c(1087): warning C4018: '>': signed/unsigned mismatch
d:\libs-build\libmtp-visualstudio\libmtp_dll\libmtp\src\libusb1-glue.c(1135): warning C4018: '<': signed/unsigned mismatch
d:\libs-build\libmtp-visualstudio\libmtp_dll\libmtp\src\libusb1-glue.c(1323): warning C4244: 'function': conversion from 'uint64_t' to 'uint32_t', possible loss of data
d:\libs-build\libmtp-visualstudio\libmtp_dll\libmtp\src\libusb1-glue.c(1337): warning C4244: '=': conversion from 'uint64_t' to 'int', possible loss of data
d:\libs-build\libmtp-visualstudio\libmtp_dll\libmtp\src\libusb1-glue.c(1358): warning C4307: '+': integral constant overflow
d:\libs-build\libmtp-visualstudio\libmtp_dll\libmtp\src\libusb1-glue.c(1359): warning C4244: 'function': conversion from 'uint64_t' to 'unsigned long', possible loss of data
  mtpz.c
d:\libs-build\libmtp-visualstudio\libmtp_dll\include\gcrypt.h(38): warning C4142: 'ssize_t': benign redefinition of type
  d:\libs-build\libmtp-visualstudio\libmtp_dll\include\libusb.h(39): note: see declaration of 'ssize_t'
d:\libs-build\libmtp-visualstudio\libmtp_dll\libmtp\src\mtpz.c(110): warning C4018: '<': signed/unsigned mismatch
d:\libs-build\libmtp-visualstudio\libmtp_dll\libmtp\src\mtpz.c(976): warning C4018: '<': signed/unsigned mismatch
d:\libs-build\libmtp-visualstudio\libmtp_dll\libmtp\src\mtpz.c(1699): warning C4244: 'function': conversion from 'time_t' to 'unsigned int', possible loss of data
  playlist-spl.c
d:\libs-build\libmtp-visualstudio\libmtp_dll\libmtp\src\playlist-spl.c(139): warning C4013: '_open' undefined; assuming extern returning int
d:\libs-build\libmtp-visualstudio\libmtp_dll\libmtp\src\playlist-spl.c(139): warning C4013: '_mktemp' undefined; assuming extern returning int
d:\libs-build\libmtp-visualstudio\libmtp_dll\libmtp\src\playlist-spl.c(150): warning C4013: 'close' undefined; assuming extern returning int
d:\libs-build\libmtp-visualstudio\libmtp_dll\libmtp\src\playlist-spl.c(230): warning C4013: 'lseek' undefined; assuming extern returning int
d:\libs-build\libmtp-visualstudio\libmtp_dll\libmtp\src\playlist-spl.c(282): warning C4018: '<': signed/unsigned mismatch
d:\libs-build\libmtp-visualstudio\libmtp_dll\libmtp\src\playlist-spl.c(360): warning C4013: 'read' undefined; assuming extern returning int
d:\libs-build\libmtp-visualstudio\libmtp_dll\libmtp\src\playlist-spl.c(460): warning C4013: 'write' undefined; assuming extern returning int
d:\libs-build\libmtp-visualstudio\libmtp_dll\libmtp\src\playlist-spl.c(468): warning C4018: '<': signed/unsigned mismatch
d:\libs-build\libmtp-visualstudio\libmtp_dll\libmtp\src\playlist-spl.c(472): warning C4018: '<': signed/unsigned mismatch
d:\libs-build\libmtp-visualstudio\libmtp_dll\libmtp\src\playlist-spl.c(616): warning C4018: '<': signed/unsigned mismatch
d:\libs-build\libmtp-visualstudio\libmtp_dll\libmtp\src\playlist-spl.c(741): warning C4018: '<': signed/unsigned mismatch
  ptp-pack.c
c:\program files (x86)\microsoft visual studio\2017\community\vc\tools\msvc\14.16.27023\include\limits.h(36): warning C4005: 'UINT_MAX': macro redefinition
  d:\libs-build\libmtp-visualstudio\libmtp_dll\libmtp\src\ptp-pack.c(31): note: see previous definition of 'UINT_MAX'
d:\libs-build\libmtp-visualstudio\libmtp_dll\libmtp\src\ptp-pack.c(45): warning C4013: 'htons' undefined; assuming extern returning int
d:\libs-build\libmtp-visualstudio\libmtp_dll\libmtp\src\ptp-pack.c(51): warning C4013: 'htonl' undefined; assuming extern returning int
d:\libs-build\libmtp-visualstudio\libmtp_dll\libmtp\src\ptp-pack.c(84): warning C4013: 'ntohs' undefined; assuming extern returning int
d:\libs-build\libmtp-visualstudio\libmtp_dll\libmtp\src\ptp-pack.c(90): warning C4013: 'ntohl' undefined; assuming extern returning int
d:\libs-build\libmtp-visualstudio\libmtp_dll\libmtp\src\ptp-pack.c(154): warning C4018: '>': signed/unsigned mismatch
d:\libs-build\libmtp-visualstudio\libmtp_dll\libmtp\src\ptp-pack.c(190): warning C4244: '=': conversion from 'uint16_t' to 'char', possible loss of data
d:\libs-build\libmtp-visualstudio\libmtp_dll\libmtp\src\ptp-pack.c(196): warning C4013: 'strdup' undefined; assuming extern returning int
d:\libs-build\libmtp-visualstudio\libmtp_dll\libmtp\src\ptp-pack.c(196): warning C4047: '=': 'char *' differs in levels of indirection from 'int'
d:\libs-build\libmtp-visualstudio\libmtp_dll\libmtp\src\ptp-pack.c(275): warning C4013: 'malloc' undefined; assuming extern returning int
d:\libs-build\libmtp-visualstudio\libmtp_dll\libmtp\src\ptp-pack.c(275): warning C4047: '=': 'unsigned char *' differs in levels of indirection from 'int'
d:\libs-build\libmtp-visualstudio\libmtp_dll\libmtp\src\ptp-pack.c(311): warning C4047: '=': 'uint32_t *' differs in levels of indirection from 'int'
d:\libs-build\libmtp-visualstudio\libmtp_dll\libmtp\src\ptp-pack.c(324): warning C4047: '=': 'unsigned char *' differs in levels of indirection from 'int'
d:\libs-build\libmtp-visualstudio\libmtp_dll\libmtp\src\ptp-pack.c(356): warning C4047: '=': 'uint16_t *' differs in levels of indirection from 'int'
d:\libs-build\libmtp-visualstudio\libmtp_dll\libmtp\src\ptp-pack.c(498): warning C4013: 'free' undefined; assuming extern returning int
d:\libs-build\libmtp-visualstudio\libmtp_dll\libmtp\src\ptp-pack.c(653): warning C4047: '=': 'unsigned char *' differs in levels of indirection from 'int'
d:\libs-build\libmtp-visualstudio\libmtp_dll\libmtp\src\ptp-pack.c(663): warning C4244: 'function': conversion from 'uint64_t' to 'uint32_t', possible loss of data
d:\libs-build\libmtp-visualstudio\libmtp_dll\libmtp\src\ptp-pack.c(727): warning C4013: 'strncpy' undefined; assuming extern returning int
d:\libs-build\libmtp-visualstudio\libmtp_dll\libmtp\src\ptp-pack.c(733): warning C4013: 'atoi' undefined; assuming extern returning int
d:\libs-build\libmtp-visualstudio\libmtp_dll\libmtp\src\ptp-pack.c(879): warning C4047: '=': '_PTPPropertyValue *' differs in levels of indirection from 'int'
d:\libs-build\libmtp-visualstudio\libmtp_dll\libmtp\src\ptp-pack.c(882): warning C4047: '=': '_PTPPropertyValue *' differs in levels of indirection from 'int'
d:\libs-build\libmtp-visualstudio\libmtp_dll\libmtp\src\ptp-pack.c(885): warning C4047: '=': '_PTPPropertyValue *' differs in levels of indirection from 'int'
d:\libs-build\libmtp-visualstudio\libmtp_dll\libmtp\src\ptp-pack.c(888): warning C4047: '=': '_PTPPropertyValue *' differs in levels of indirection from 'int'
d:\libs-build\libmtp-visualstudio\libmtp_dll\libmtp\src\ptp-pack.c(891): warning C4047: '=': '_PTPPropertyValue *' differs in levels of indirection from 'int'
d:\libs-build\libmtp-visualstudio\libmtp_dll\libmtp\src\ptp-pack.c(894): warning C4047: '=': '_PTPPropertyValue *' differs in levels of indirection from 'int'
d:\libs-build\libmtp-visualstudio\libmtp_dll\libmtp\src\ptp-pack.c(897): warning C4047: '=': '_PTPPropertyValue *' differs in levels of indirection from 'int'
d:\libs-build\libmtp-visualstudio\libmtp_dll\libmtp\src\ptp-pack.c(900): warning C4047: '=': '_PTPPropertyValue *' differs in levels of indirection from 'int'
d:\libs-build\libmtp-visualstudio\libmtp_dll\libmtp\src\ptp-pack.c(977): warning C4047: '=': 'PTPPropertyValue *' differs in levels of indirection from 'int'
d:\libs-build\libmtp-visualstudio\libmtp_dll\libmtp\src\ptp-pack.c(1068): warning C4047: '=': 'PTPPropertyValue *' differs in levels of indirection from 'int'
d:\libs-build\libmtp-visualstudio\libmtp_dll\libmtp\src\ptp-pack.c(1101): warning C4047: '=': 'char *' differs in levels of indirection from 'int'
d:\libs-build\libmtp-visualstudio\libmtp_dll\libmtp\src\ptp-pack.c(1111): warning C4047: '=': '_PTPPropertyValue *' differs in levels of indirection from 'int'
d:\libs-build\libmtp-visualstudio\libmtp_dll\libmtp\src\ptp-pack.c(1154): warning C4047: '=': 'PTPPropertyValue *' differs in levels of indirection from 'int'
d:\libs-build\libmtp-visualstudio\libmtp_dll\libmtp\src\ptp-pack.c(1211): warning C4047: '=': 'PTPPropertyValue *' differs in levels of indirection from 'int'
d:\libs-build\libmtp-visualstudio\libmtp_dll\libmtp\src\ptp-pack.c(1251): warning C4047: '=': 'unsigned char *' differs in levels of indirection from 'int'
d:\libs-build\libmtp-visualstudio\libmtp_dll\libmtp\src\ptp-pack.c(1256): warning C4047: '=': 'unsigned char *' differs in levels of indirection from 'int'
d:\libs-build\libmtp-visualstudio\libmtp_dll\libmtp\src\ptp-pack.c(1261): warning C4047: '=': 'unsigned char *' differs in levels of indirection from 'int'
d:\libs-build\libmtp-visualstudio\libmtp_dll\libmtp\src\ptp-pack.c(1266): warning C4047: '=': 'unsigned char *' differs in levels of indirection from 'int'
d:\libs-build\libmtp-visualstudio\libmtp_dll\libmtp\src\ptp-pack.c(1271): warning C4047: '=': 'unsigned char *' differs in levels of indirection from 'int'
d:\libs-build\libmtp-visualstudio\libmtp_dll\libmtp\src\ptp-pack.c(1276): warning C4047: '=': 'unsigned char *' differs in levels of indirection from 'int'
d:\libs-build\libmtp-visualstudio\libmtp_dll\libmtp\src\ptp-pack.c(1281): warning C4047: '=': 'unsigned char *' differs in levels of indirection from 'int'
d:\libs-build\libmtp-visualstudio\libmtp_dll\libmtp\src\ptp-pack.c(1286): warning C4047: '=': 'unsigned char *' differs in levels of indirection from 'int'
d:\libs-build\libmtp-visualstudio\libmtp_dll\libmtp\src\ptp-pack.c(1291): warning C4047: '=': 'unsigned char *' differs in levels of indirection from 'int'
d:\libs-build\libmtp-visualstudio\libmtp_dll\libmtp\src\ptp-pack.c(1298): warning C4047: '=': 'unsigned char *' differs in levels of indirection from 'int'
d:\libs-build\libmtp-visualstudio\libmtp_dll\libmtp\src\ptp-pack.c(1305): warning C4047: '=': 'unsigned char *' differs in levels of indirection from 'int'
d:\libs-build\libmtp-visualstudio\libmtp_dll\libmtp\src\ptp-pack.c(1312): warning C4047: '=': 'unsigned char *' differs in levels of indirection from 'int'
d:\libs-build\libmtp-visualstudio\libmtp_dll\libmtp\src\ptp-pack.c(1319): warning C4047: '=': 'unsigned char *' differs in levels of indirection from 'int'
d:\libs-build\libmtp-visualstudio\libmtp_dll\libmtp\src\ptp-pack.c(1326): warning C4047: '=': 'unsigned char *' differs in levels of indirection from 'int'
d:\libs-build\libmtp-visualstudio\libmtp_dll\libmtp\src\ptp-pack.c(1333): warning C4047: '=': 'unsigned char *' differs in levels of indirection from 'int'
d:\libs-build\libmtp-visualstudio\libmtp_dll\libmtp\src\ptp-pack.c(1340): warning C4047: '=': 'unsigned char *' differs in levels of indirection from 'int'
d:\libs-build\libmtp-visualstudio\libmtp_dll\libmtp\src\ptp-pack.c(1391): warning C4047: '=': 'unsigned char *' differs in levels of indirection from 'int'
d:\libs-build\libmtp-visualstudio\libmtp_dll\libmtp\src\ptp-pack.c(1447): warning C4047: '=': 'MTPProperties *' differs in levels of indirection from 'int'
d:\libs-build\libmtp-visualstudio\libmtp_dll\libmtp\src\ptp-pack.c(1454): warning C4013: 'qsort' undefined; assuming extern returning int
d:\libs-build\libmtp-visualstudio\libmtp_dll\libmtp\src\ptp-pack.c(1784): warning C4047: 'return': 'char *' differs in levels of indirection from 'int'
d:\libs-build\libmtp-visualstudio\libmtp_dll\libmtp\src\ptp-pack.c(1789): warning C4047: 'return': 'char *' differs in levels of indirection from 'int'
d:\libs-build\libmtp-visualstudio\libmtp_dll\libmtp\src\ptp-pack.c(1798): warning C4047: 'return': 'char *' differs in levels of indirection from 'int'
d:\libs-build\libmtp-visualstudio\libmtp_dll\libmtp\src\ptp-pack.c(1802): warning C4047: 'return': 'char *' differs in levels of indirection from 'int'
d:\libs-build\libmtp-visualstudio\libmtp_dll\libmtp\src\ptp-pack.c(1808): warning C4047: 'return': 'char *' differs in levels of indirection from 'int'
d:\libs-build\libmtp-visualstudio\libmtp_dll\libmtp\src\ptp-pack.c(1812): warning C4047: 'return': 'char *' differs in levels of indirection from 'int'
d:\libs-build\libmtp-visualstudio\libmtp_dll\libmtp\src\ptp-pack.c(1828): warning C4013: 'sprintf' undefined; assuming extern returning int
d:\libs-build\libmtp-visualstudio\libmtp_dll\libmtp\src\ptp-pack.c(1848): warning C4018: '>': signed/unsigned mismatch
d:\libs-build\libmtp-visualstudio\libmtp_dll\libmtp\src\ptp-pack.c(1866): warning C4047: 'return': 'char *' differs in levels of indirection from 'int'
d:\libs-build\libmtp-visualstudio\libmtp_dll\libmtp\src\ptp-pack.c(1870): warning C4047: 'return': 'char *' differs in levels of indirection from 'int'
d:\libs-build\libmtp-visualstudio\libmtp_dll\libmtp\src\ptp-pack.c(1881): warning C4013: 'strtoul' undefined; assuming extern returning int
d:\libs-build\libmtp-visualstudio\libmtp_dll\libmtp\src\ptp-pack.c(1947): warning C4013: 'realloc' undefined; assuming extern returning int
d:\libs-build\libmtp-visualstudio\libmtp_dll\libmtp\src\ptp-pack.c(1947): warning C4047: '=': 'PTPCanon_Property *' differs in levels of indirection from 'int'
d:\libs-build\libmtp-visualstudio\libmtp_dll\libmtp\src\ptp-pack.c(1949): warning C4047: '=': 'PTPCanon_Property *' differs in levels of indirection from 'int'
d:\libs-build\libmtp-visualstudio\libmtp_dll\libmtp\src\ptp-pack.c(1974): warning C4018: '>': signed/unsigned mismatch
d:\libs-build\libmtp-visualstudio\libmtp_dll\libmtp\src\ptp-pack.c(1984): warning C4018: '>=': signed/unsigned mismatch
d:\libs-build\libmtp-visualstudio\libmtp_dll\libmtp\src\ptp-pack.c(2001): warning C4047: '=': 'PTPCanon_changes_entry *' differs in levels of indirection from 'int'
d:\libs-build\libmtp-visualstudio\libmtp_dll\libmtp\src\ptp-pack.c(2009): warning C4018: '>': signed/unsigned mismatch
d:\libs-build\libmtp-visualstudio\libmtp_dll\libmtp\src\ptp-pack.c(2021): warning C4018: '>=': signed/unsigned mismatch
d:\libs-build\libmtp-visualstudio\libmtp_dll\libmtp\src\ptp-pack.c(2049): warning C4047: '=': 'char *' differs in levels of indirection from 'int'
d:\libs-build\libmtp-visualstudio\libmtp_dll\libmtp\src\ptp-pack.c(2067): warning C4047: '=': 'char *' differs in levels of indirection from 'int'
d:\libs-build\libmtp-visualstudio\libmtp_dll\libmtp\src\ptp-pack.c(2082): warning C4047: '=': 'char *' differs in levels of indirection from 'int'
d:\libs-build\libmtp-visualstudio\libmtp_dll\libmtp\src\ptp-pack.c(2128): warning C4047: '=': 'PTPPropertyValue *' differs in levels of indirection from 'int'
d:\libs-build\libmtp-visualstudio\libmtp_dll\libmtp\src\ptp-pack.c(2194): warning C4047: '=': 'unsigned char *' differs in levels of indirection from 'int'
d:\libs-build\libmtp-visualstudio\libmtp_dll\libmtp\src\ptp-pack.c(2200): warning C4047: '=': 'PTPCanon_Property *' differs in levels of indirection from 'int'
d:\libs-build\libmtp-visualstudio\libmtp_dll\libmtp\src\ptp-pack.c(2202): warning C4047: '=': 'PTPCanon_Property *' differs in levels of indirection from 'int'
d:\libs-build\libmtp-visualstudio\libmtp_dll\libmtp\src\ptp-pack.c(2205): warning C4047: '=': 'unsigned char *' differs in levels of indirection from 'int'
d:\libs-build\libmtp-visualstudio\libmtp_dll\libmtp\src\ptp-pack.c(2417): warning C4047: '=': 'char *' differs in levels of indirection from 'int'
d:\libs-build\libmtp-visualstudio\libmtp_dll\libmtp\src\ptp-pack.c(2420): warning C4047: '=': 'char *' differs in levels of indirection from 'int'
d:\libs-build\libmtp-visualstudio\libmtp_dll\libmtp\src\ptp-pack.c(2446): warning C4047: '=': 'char *' differs in levels of indirection from 'int'
d:\libs-build\libmtp-visualstudio\libmtp_dll\libmtp\src\ptp-pack.c(2454): warning C4047: '=': 'char *' differs in levels of indirection from 'int'
d:\libs-build\libmtp-visualstudio\libmtp_dll\libmtp\src\ptp-pack.c(2494): warning C4047: '=': 'char *' differs in levels of indirection from 'int'
d:\libs-build\libmtp-visualstudio\libmtp_dll\libmtp\src\ptp-pack.c(2501): warning C4047: '=': 'char *' differs in levels of indirection from 'int'
d:\libs-build\libmtp-visualstudio\libmtp_dll\libmtp\src\ptp-pack.c(2508): warning C4047: '=': 'char *' differs in levels of indirection from 'int'
d:\libs-build\libmtp-visualstudio\libmtp_dll\libmtp\src\ptp-pack.c(2576): warning C4047: '=': 'char *' differs in levels of indirection from 'int'
d:\libs-build\libmtp-visualstudio\libmtp_dll\libmtp\src\ptp-pack.c(2592): warning C4047: '=': 'char *' differs in levels of indirection from 'int'
d:\libs-build\libmtp-visualstudio\libmtp_dll\libmtp\src\ptp-pack.c(2609): warning C4047: '=': 'char *' differs in levels of indirection from 'int'
d:\libs-build\libmtp-visualstudio\libmtp_dll\libmtp\src\ptp-pack.c(2625): warning C4047: '=': 'char *' differs in levels of indirection from 'int'
d:\libs-build\libmtp-visualstudio\libmtp_dll\libmtp\src\ptp-pack.c(2638): warning C4047: '=': 'char *' differs in levels of indirection from 'int'
d:\libs-build\libmtp-visualstudio\libmtp_dll\libmtp\src\ptp-pack.c(2653): warning C4047: '=': 'char *' differs in levels of indirection from 'int'
d:\libs-build\libmtp-visualstudio\libmtp_dll\libmtp\src\ptp-pack.c(2669): warning C4047: '=': 'char *' differs in levels of indirection from 'int'
d:\libs-build\libmtp-visualstudio\libmtp_dll\libmtp\src\ptp-pack.c(2686): warning C4047: '=': 'char *' differs in levels of indirection from 'int'
d:\libs-build\libmtp-visualstudio\libmtp_dll\libmtp\src\ptp-pack.c(2703): warning C4047: '=': 'char *' differs in levels of indirection from 'int'
d:\libs-build\libmtp-visualstudio\libmtp_dll\libmtp\src\ptp-pack.c(2712): warning C4047: '=': 'char *' differs in levels of indirection from 'int'
d:\libs-build\libmtp-visualstudio\libmtp_dll\libmtp\src\ptp-pack.c(2729): warning C4047: '=': 'char *' differs in levels of indirection from 'int'
d:\libs-build\libmtp-visualstudio\libmtp_dll\libmtp\src\ptp-pack.c(2743): warning C4047: '=': 'char *' differs in levels of indirection from 'int'
d:\libs-build\libmtp-visualstudio\libmtp_dll\libmtp\src\ptp-pack.c(2744): warning C4047: '=': 'char *' differs in levels of indirection from 'int'
d:\libs-build\libmtp-visualstudio\libmtp_dll\libmtp\src\ptp-pack.c(2745): warning C4047: '=': 'char *' differs in levels of indirection from 'int'
d:\libs-build\libmtp-visualstudio\libmtp_dll\libmtp\src\ptp-pack.c(2746): warning C4047: '=': 'char *' differs in levels of indirection from 'int'
d:\libs-build\libmtp-visualstudio\libmtp_dll\libmtp\src\ptp-pack.c(2747): warning C4047: '=': 'char *' differs in levels of indirection from 'int'
d:\libs-build\libmtp-visualstudio\libmtp_dll\libmtp\src\ptp-pack.c(2748): warning C4047: '=': 'char *' differs in levels of indirection from 'int'
d:\libs-build\libmtp-visualstudio\libmtp_dll\libmtp\src\ptp-pack.c(2749): warning C4047: '=': 'char *' differs in levels of indirection from 'int'
d:\libs-build\libmtp-visualstudio\libmtp_dll\libmtp\src\ptp-pack.c(2750): warning C4047: '=': 'char *' differs in levels of indirection from 'int'
d:\libs-build\libmtp-visualstudio\libmtp_dll\libmtp\src\ptp-pack.c(2751): warning C4047: '=': 'char *' differs in levels of indirection from 'int'
d:\libs-build\libmtp-visualstudio\libmtp_dll\libmtp\src\ptp-pack.c(2752): warning C4047: '=': 'char *' differs in levels of indirection from 'int'
d:\libs-build\libmtp-visualstudio\libmtp_dll\libmtp\src\ptp-pack.c(2753): warning C4047: '=': 'char *' differs in levels of indirection from 'int'
d:\libs-build\libmtp-visualstudio\libmtp_dll\libmtp\src\ptp-pack.c(2754): warning C4047: '=': 'char *' differs in levels of indirection from 'int'
d:\libs-build\libmtp-visualstudio\libmtp_dll\libmtp\src\ptp-pack.c(2755): warning C4047: '=': 'char *' differs in levels of indirection from 'int'
d:\libs-build\libmtp-visualstudio\libmtp_dll\libmtp\src\ptp-pack.c(2756): warning C4047: '=': 'char *' differs in levels of indirection from 'int'
d:\libs-build\libmtp-visualstudio\libmtp_dll\libmtp\src\ptp-pack.c(2757): warning C4047: '=': 'char *' differs in levels of indirection from 'int'
d:\libs-build\libmtp-visualstudio\libmtp_dll\libmtp\src\ptp-pack.c(2758): warning C4047: '=': 'char *' differs in levels of indirection from 'int'
d:\libs-build\libmtp-visualstudio\libmtp_dll\libmtp\src\ptp-pack.c(2759): warning C4047: '=': 'char *' differs in levels of indirection from 'int'
d:\libs-build\libmtp-visualstudio\libmtp_dll\libmtp\src\ptp-pack.c(2760): warning C4047: '=': 'char *' differs in levels of indirection from 'int'
d:\libs-build\libmtp-visualstudio\libmtp_dll\libmtp\src\ptp-pack.c(2761): warning C4047: '=': 'char *' differs in levels of indirection from 'int'
d:\libs-build\libmtp-visualstudio\libmtp_dll\libmtp\src\ptp-pack.c(2815): warning C4047: '=': 'PTPContainer *' differs in levels of indirection from 'int'
d:\libs-build\libmtp-visualstudio\libmtp_dll\libmtp\src\ptp-pack.c(2839): warning C4047: '=': 'unsigned char *' differs in levels of indirection from 'int'
d:\libs-build\libmtp-visualstudio\libmtp_dll\libmtp\src\ptp-pack.c(2906): warning C4013: 'calloc' undefined; assuming extern returning int
d:\libs-build\libmtp-visualstudio\libmtp_dll\libmtp\src\ptp-pack.c(2906): warning C4047: '=': 'uint32_t *' differs in levels of indirection from 'int'
d:\libs-build\libmtp-visualstudio\libmtp_dll\libmtp\src\ptp-pack.c(2908): warning C4047: '=': 'PTPObjectInfo *' differs in levels of indirection from 'int'
d:\libs-build\libmtp-visualstudio\libmtp_dll\libmtp\src\ptp-pack.c(2910): warning C4047: '=': 'uint32_t *' differs in levels of indirection from 'int'
d:\libs-build\libmtp-visualstudio\libmtp_dll\libmtp\src\ptp-pack.c(2928): warning C4047: '=': 'char *' differs in levels of indirection from 'int'
d:\libs-build\libmtp-visualstudio\libmtp_dll\libmtp\src\ptp-pack.c(3019): warning C4047: '=': 'PTPObjectFilesystemInfo *' differs in levels of indirection from 'int'
  ptp.c
d:\libs-build\libmtp-visualstudio\libmtp_dll\libmtp\src\ptp-pack.c(154): warning C4018: '>': signed/unsigned mismatch
d:\libs-build\libmtp-visualstudio\libmtp_dll\libmtp\src\ptp-pack.c(190): warning C4244: '=': conversion from 'uint16_t' to 'char', possible loss of data
d:\libs-build\libmtp-visualstudio\libmtp_dll\libmtp\src\ptp-pack.c(663): warning C4244: 'function': conversion from 'uint64_t' to 'uint32_t', possible loss of data
d:\libs-build\libmtp-visualstudio\libmtp_dll\libmtp\src\ptp-pack.c(1848): warning C4018: '>': signed/unsigned mismatch
d:\libs-build\libmtp-visualstudio\libmtp_dll\libmtp\src\ptp-pack.c(1974): warning C4018: '>': signed/unsigned mismatch
d:\libs-build\libmtp-visualstudio\libmtp_dll\libmtp\src\ptp-pack.c(1984): warning C4018: '>=': signed/unsigned mismatch
d:\libs-build\libmtp-visualstudio\libmtp_dll\libmtp\src\ptp-pack.c(2009): warning C4018: '>': signed/unsigned mismatch
d:\libs-build\libmtp-visualstudio\libmtp_dll\libmtp\src\ptp-pack.c(2021): warning C4018: '>=': signed/unsigned mismatch
d:\libs-build\libmtp-visualstudio\libmtp_dll\libmtp\src\ptp-pack.c(3019): warning C4244: 'function': conversion from 'uint64_t' to 'size_t', possible loss of data
d:\libs-build\libmtp-visualstudio\libmtp_dll\libmtp\src\ptp.c(432): warning C4013: 'read' undefined; assuming extern returning int
d:\libs-build\libmtp-visualstudio\libmtp_dll\libmtp\src\ptp.c(447): warning C4013: 'write' undefined; assuming extern returning int
d:\libs-build\libmtp-visualstudio\libmtp_dll\libmtp\src\ptp.c(496): warning C4244: 'function': conversion from 'uint64_t' to 'unsigned long', possible loss of data
d:\libs-build\libmtp-visualstudio\libmtp_dll\libmtp\src\ptp.c(539): warning C4244: 'function': conversion from 'uint64_t' to 'unsigned long', possible loss of data
d:\libs-build\libmtp-visualstudio\libmtp_dll\libmtp\src\ptp.c(1003): warning C4013: 'usleep' undefined; assuming extern returning int
d:\libs-build\libmtp-visualstudio\libmtp_dll\libmtp\src\ptp.c(1243): warning C4018: '<': signed/unsigned mismatch
d:\libs-build\libmtp-visualstudio\libmtp_dll\libmtp\src\ptp.c(2941): warning C4018: '<': signed/unsigned mismatch
d:\libs-build\libmtp-visualstudio\libmtp_dll\libmtp\src\ptp.c(3268): warning C4018: '>': signed/unsigned mismatch
d:\libs-build\libmtp-visualstudio\libmtp_dll\libmtp\src\ptp.c(4924): warning C4244: '=': conversion from 'double' to 'int', possible loss of data
d:\libs-build\libmtp-visualstudio\libmtp_dll\libmtp\src\ptp.c(4925): warning C4018: '<': signed/unsigned mismatch
d:\libs-build\libmtp-visualstudio\libmtp_dll\libmtp\src\ptp.c(5000): warning C4018: '>=': signed/unsigned mismatch
d:\libs-build\libmtp-visualstudio\libmtp_dll\libmtp\src\ptp.c(6645): warning C4244: '=': conversion from 'uint16_t' to 'char', possible loss of data
d:\libs-build\libmtp-visualstudio\libmtp_dll\libmtp\src\ptp.c(6610): warning C4244: 'initializing': conversion from 'int64_t' to 'double', possible loss of data
  unicode.c
LINK : warning LNK4098: defaultlib 'LIBCMT' conflicts with use of other libs; use /NODEFAULTLIB:library
  Generating code
  All 362 functions were compiled because no usable IPDB/IOBJ from previous compilation was found.
  Finished generating code
libusb-1.0.lib(descriptor.obj) : warning LNK4099: PDB 'libusb-1.0.pdb' was not found with 'libusb-1.0.lib(descriptor.obj)' or at 'D:\libs-build\libmtp-visualstudio\Release\libusb-1.0.pdb'; linking object as if no debug info
libusb-1.0.lib(core.obj) : warning LNK4099: PDB 'libusb-1.0.pdb' was not found with 'libusb-1.0.lib(core.obj)' or at 'D:\libs-build\libmtp-visualstudio\Release\libusb-1.0.pdb'; linking object as if no debug info
libusb-1.0.lib(io.obj) : warning LNK4099: PDB 'libusb-1.0.pdb' was not found with 'libusb-1.0.lib(io.obj)' or at 'D:\libs-build\libmtp-visualstudio\Release\libusb-1.0.pdb'; linking object as if no debug info
libusb-1.0.lib(sync.obj) : warning LNK4099: PDB 'libusb-1.0.pdb' was not found with 'libusb-1.0.lib(sync.obj)' or at 'D:\libs-build\libmtp-visualstudio\Release\libusb-1.0.pdb'; linking object as if no debug info
libusb-1.0.lib(windows_common.obj) : warning LNK4099: PDB 'libusb-1.0.pdb' was not found with 'libusb-1.0.lib(windows_common.obj)' or at 'D:\libs-build\libmtp-visualstudio\Release\libusb-1.0.pdb'; linking object as if no debug info
libusb-1.0.lib(poll_windows.obj) : warning LNK4099: PDB 'libusb-1.0.pdb' was not found with 'libusb-1.0.lib(poll_windows.obj)' or at 'D:\libs-build\libmtp-visualstudio\Release\libusb-1.0.pdb'; linking object as if no debug info
libusb-1.0.lib(hotplug.obj) : warning LNK4099: PDB 'libusb-1.0.pdb' was not found with 'libusb-1.0.lib(hotplug.obj)' or at 'D:\libs-build\libmtp-visualstudio\Release\libusb-1.0.pdb'; linking object as if no debug info
libusb-1.0.lib(threads_windows.obj) : warning LNK4099: PDB 'libusb-1.0.pdb' was not found with 'libusb-1.0.lib(threads_windows.obj)' or at 'D:\libs-build\libmtp-visualstudio\Release\libusb-1.0.pdb'; linking object as if no debug info
libusb-1.0.lib(windows_winusb.obj) : warning LNK4099: PDB 'libusb-1.0.pdb' was not found with 'libusb-1.0.lib(windows_winusb.obj)' or at 'D:\libs-build\libmtp-visualstudio\Release\libusb-1.0.pdb'; linking object as if no debug info
libusb-1.0.lib(windows_usbdk.obj) : warning LNK4099: PDB 'libusb-1.0.pdb' was not found with 'libusb-1.0.lib(windows_usbdk.obj)' or at 'D:\libs-build\libmtp-visualstudio\Release\libusb-1.0.pdb'; linking object as if no debug info
  libmtp.vcxproj -> D:\libs-build\libmtp-visualstudio\Release\libmtp.dll
